Build started 3/31/2016 9:02:39 PM.
     1>Project "C:\Users\Kevin\Downloads\Platformer\CS3113-master\project_template\Windows\NYUCodebase\NYUCodebase\NYUCodebase.vcxproj" on node 2 (Build target(s)).
     1>ClCompile:
         C:\Program Files (x86)\Microsoft Visual Studio 12.0\VC\bin\CL.exe /c /IC:\SDL2\include /IC:\SDL2_image\include /IC:\glew\include /IC:\SDL2_mixer\include /ZI /nologo /W3 /WX- /sdl /Od /Oy- /D _WINDOWS /D _MBCS /D _MBCS /Gm /EHsc /RTC1 /MDd /GS /fp:precise /Zc:wchar_t /Zc:forScope /Fo"Debug\\" /Fd"Debug\vc120.pdb" /Gd /TP /analyze- /errorReport:prompt main.cpp
         main.cpp
     1>c:\users\kevin\downloads\platformer\cs3113-master\project_template\windows\nyucodebase\nyucodebase\main.cpp(331): warning C4244: 'initializing' : conversion from 'int' to 'float', possible loss of data
     1>c:\users\kevin\downloads\platformer\cs3113-master\project_template\windows\nyucodebase\nyucodebase\main.cpp(332): warning C4244: 'initializing' : conversion from 'int' to 'float', possible loss of data
     1>c:\users\kevin\downloads\platformer\cs3113-master\project_template\windows\nyucodebase\nyucodebase\main.cpp(402): warning C4244: '+=' : conversion from 'double' to 'float', possible loss of data
     1>c:\users\kevin\downloads\platformer\cs3113-master\project_template\windows\nyucodebase\nyucodebase\main.cpp(406): warning C4244: '-=' : conversion from 'double' to 'float', possible loss of data
     1>c:\users\kevin\downloads\platformer\cs3113-master\project_template\windows\nyucodebase\nyucodebase\main.cpp(413): warning C4305: 'argument' : truncation from 'double' to 'float'
     1>c:\users\kevin\downloads\platformer\cs3113-master\project_template\windows\nyucodebase\nyucodebase\main.cpp(464): warning C4305: 'argument' : truncation from 'double' to 'float'
       Link:
         C:\Program Files (x86)\Microsoft Visual Studio 12.0\VC\bin\link.exe /ERRORREPORT:PROMPT /OUT:"C:\Users\Kevin\Downloads\Platformer\CS3113-master\project_template\Windows\NYUCodebase\Debug\NYUCodebase.exe" /INCREMENTAL /NOLOGO /LIBPATH:C:\SDL2_mixer\lib\x86 /LIBPATH:C:\SDL2\lib\x86 /LIBPATH:C:\SDL2_image\lib\x86 /LIBPATH:C:\glew\lib\Release\Win32 SDL2.lib SDL2_mixer.lib glew32.lib SDL2main.lib SDL2_image.lib OpenGL32.lib /MANIFEST /MANIFESTUAC:"level='asInvoker' uiAccess='false'" /manifest:embed /DEBUG /PDB:"C:\Users\Kevin\Downloads\Platformer\CS3113-master\project_template\Windows\NYUCodebase\Debug\NYUCodebase.pdb" /SUBSYSTEM:WINDOWS /TLBID:1 /DYNAMICBASE /NXCOMPAT /IMPLIB:"C:\Users\Kevin\Downloads\Platformer\CS3113-master\project_template\Windows\NYUCodebase\Debug\NYUCodebase.lib" /MACHINE:X86 Debug\main.obj
         Debug\Matrix.obj
         Debug\ShaderProgram.obj
     1>MSVCRTD.lib(cinitexe.obj) : warning LNK4098: defaultlib 'msvcrt.lib' conflicts with use of other libs; use /NODEFAULTLIB:library
         NYUCodebase.vcxproj -> C:\Users\Kevin\Downloads\Platformer\CS3113-master\project_template\Windows\NYUCodebase\Debug\NYUCodebase.exe
     1>Done Building Project "C:\Users\Kevin\Downloads\Platformer\CS3113-master\project_template\Windows\NYUCodebase\NYUCodebase\NYUCodebase.vcxproj" (Build target(s)).

Build succeeded.

Time Elapsed 00:00:03.77
